{"/home/jean/www/my_blog/backend/src/app/user/UserService.ts": {"path":"/home/jean/www/my_blog/backend/src/app/user/UserService.ts","all":false,"statementMap":{"0":{"start":{"line":1,"column":0},"end":{"line":1,"column":24}},"1":{"start":{"line":2,"column":0},"end":{"line":2,"column":31}},"2":{"start":{"line":3,"column":0},"end":{"line":3,"column":0}},"3":{"start":{"line":4,"column":0},"end":{"line":4,"column":59}},"4":{"start":{"line":5,"column":0},"end":{"line":5,"column":49}},"5":{"start":{"line":6,"column":0},"end":{"line":6,"column":67}},"6":{"start":{"line":7,"column":0},"end":{"line":7,"column":0}},"7":{"start":{"line":8,"column":0},"end":{"line":8,"column":58}},"8":{"start":{"line":9,"column":0},"end":{"line":9,"column":26}},"9":{"start":{"line":10,"column":0},"end":{"line":10,"column":2}},"10":{"start":{"line":11,"column":0},"end":{"line":11,"column":0}},"11":{"start":{"line":12,"column":0},"end":{"line":12,"column":26}},"12":{"start":{"line":13,"column":0},"end":{"line":13,"column":57}},"13":{"start":{"line":14,"column":0},"end":{"line":14,"column":0}},"14":{"start":{"line":15,"column":0},"end":{"line":15,"column":39}},"15":{"start":{"line":16,"column":0},"end":{"line":16,"column":49}},"16":{"start":{"line":17,"column":0},"end":{"line":17,"column":58}},"17":{"start":{"line":18,"column":0},"end":{"line":18,"column":5}},"18":{"start":{"line":19,"column":0},"end":{"line":19,"column":0}},"19":{"start":{"line":20,"column":0},"end":{"line":20,"column":43}},"20":{"start":{"line":21,"column":0},"end":{"line":21,"column":15}},"21":{"start":{"line":22,"column":0},"end":{"line":22,"column":36}},"22":{"start":{"line":23,"column":0},"end":{"line":23,"column":34}},"23":{"start":{"line":24,"column":0},"end":{"line":24,"column":36}},"24":{"start":{"line":25,"column":0},"end":{"line":25,"column":8}},"25":{"start":{"line":26,"column":0},"end":{"line":26,"column":19}},"26":{"start":{"line":27,"column":0},"end":{"line":27,"column":0}},"27":{"start":{"line":28,"column":0},"end":{"line":28,"column":68}},"28":{"start":{"line":29,"column":0},"end":{"line":29,"column":0}},"29":{"start":{"line":30,"column":0},"end":{"line":30,"column":69}},"30":{"start":{"line":31,"column":0},"end":{"line":31,"column":0}},"31":{"start":{"line":32,"column":0},"end":{"line":32,"column":51}},"32":{"start":{"line":33,"column":0},"end":{"line":33,"column":15}},"33":{"start":{"line":34,"column":0},"end":{"line":34,"column":12}},"34":{"start":{"line":35,"column":0},"end":{"line":35,"column":42}},"35":{"start":{"line":36,"column":0},"end":{"line":36,"column":7}},"36":{"start":{"line":37,"column":0},"end":{"line":37,"column":0}},"37":{"start":{"line":38,"column":0},"end":{"line":38,"column":55}},"38":{"start":{"line":39,"column":0},"end":{"line":39,"column":23}},"39":{"start":{"line":40,"column":0},"end":{"line":40,"column":7}},"40":{"start":{"line":41,"column":0},"end":{"line":41,"column":0}},"41":{"start":{"line":42,"column":0},"end":{"line":42,"column":12}},"42":{"start":{"line":43,"column":0},"end":{"line":43,"column":18}},"43":{"start":{"line":44,"column":0},"end":{"line":44,"column":30}},"44":{"start":{"line":45,"column":0},"end":{"line":45,"column":24}},"45":{"start":{"line":46,"column":0},"end":{"line":46,"column":12}},"46":{"start":{"line":47,"column":0},"end":{"line":47,"column":6}},"47":{"start":{"line":48,"column":0},"end":{"line":48,"column":3}},"48":{"start":{"line":49,"column":0},"end":{"line":49,"column":0}},"49":{"start":{"line":50,"column":0},"end":{"line":50,"column":28}},"50":{"start":{"line":51,"column":0},"end":{"line":51,"column":54}},"51":{"start":{"line":52,"column":0},"end":{"line":52,"column":0}},"52":{"start":{"line":53,"column":0},"end":{"line":53,"column":16}},"53":{"start":{"line":54,"column":0},"end":{"line":54,"column":3}},"54":{"start":{"line":55,"column":0},"end":{"line":55,"column":1}}},"s":{"0":1,"1":1,"2":1,"3":1,"4":1,"5":1,"6":1,"7":1,"8":1,"9":1,"10":1,"11":1,"12":1,"13":1,"14":1,"15":6,"16":1,"17":1,"18":5,"19":5,"20":5,"21":5,"22":5,"23":5,"24":5,"25":5,"26":5,"27":5,"28":3,"29":6,"30":2,"31":2,"32":2,"33":2,"34":2,"35":2,"36":2,"37":2,"38":2,"39":2,"40":2,"41":2,"42":2,"43":2,"44":2,"45":2,"46":2,"47":2,"48":1,"49":1,"50":1,"51":1,"52":1,"53":1,"54":1},"branchMap":{"0":{"type":"branch","line":12,"loc":{"start":{"line":12,"column":13},"end":{"line":12,"column":26}},"locations":[{"start":{"line":12,"column":13},"end":{"line":12,"column":26}}]},"1":{"type":"branch","line":15,"loc":{"start":{"line":15,"column":2},"end":{"line":48,"column":3}},"locations":[{"start":{"line":15,"column":2},"end":{"line":48,"column":3}}]},"2":{"type":"branch","line":16,"loc":{"start":{"line":16,"column":48},"end":{"line":18,"column":5}},"locations":[{"start":{"line":16,"column":48},"end":{"line":18,"column":5}}]},"3":{"type":"branch","line":19,"loc":{"start":{"line":19,"column":-1},"end":{"line":28,"column":68}},"locations":[{"start":{"line":19,"column":-1},"end":{"line":28,"column":68}}]},"4":{"type":"branch","line":28,"loc":{"start":{"line":28,"column":61},"end":{"line":30,"column":20}},"locations":[{"start":{"line":28,"column":61},"end":{"line":30,"column":20}}]},"5":{"type":"branch","line":30,"loc":{"start":{"line":30,"column":20},"end":{"line":48,"column":3}},"locations":[{"start":{"line":30,"column":20},"end":{"line":48,"column":3}}]},"6":{"type":"branch","line":30,"loc":{"start":{"line":30,"column":20},"end":{"line":30,"column":69}},"locations":[{"start":{"line":30,"column":20},"end":{"line":30,"column":69}}]},"7":{"type":"branch","line":50,"loc":{"start":{"line":50,"column":2},"end":{"line":54,"column":3}},"locations":[{"start":{"line":50,"column":2},"end":{"line":54,"column":3}}]},"8":{"type":"branch","line":13,"loc":{"start":{"line":13,"column":2},"end":{"line":13,"column":57}},"locations":[{"start":{"line":13,"column":2},"end":{"line":13,"column":57}}]}},"b":{"0":[2],"1":[6],"2":[1],"3":[5],"4":[3],"5":[2],"6":[1],"7":[1],"8":[2]},"fnMap":{"0":{"name":"get","decl":{"start":{"line":12,"column":13},"end":{"line":12,"column":26}},"loc":{"start":{"line":12,"column":13},"end":{"line":12,"column":26}},"line":12},"1":{"name":"create","decl":{"start":{"line":15,"column":2},"end":{"line":48,"column":3}},"loc":{"start":{"line":15,"column":2},"end":{"line":48,"column":3}},"line":15},"2":{"name":"remove","decl":{"start":{"line":50,"column":2},"end":{"line":54,"column":3}},"loc":{"start":{"line":50,"column":2},"end":{"line":54,"column":3}},"line":50},"3":{"name":"UserService","decl":{"start":{"line":13,"column":2},"end":{"line":13,"column":57}},"loc":{"start":{"line":13,"column":2},"end":{"line":13,"column":57}},"line":13}},"f":{"0":2,"1":6,"2":1,"3":2}}
,"/home/jean/www/my_blog/backend/src/app/utils/utils.ts": {"path":"/home/jean/www/my_blog/backend/src/app/utils/utils.ts","all":false,"statementMap":{"0":{"start":{"line":1,"column":0},"end":{"line":1,"column":47}},"1":{"start":{"line":2,"column":0},"end":{"line":2,"column":0}},"2":{"start":{"line":3,"column":0},"end":{"line":3,"column":72}},"3":{"start":{"line":4,"column":0},"end":{"line":4,"column":35}},"4":{"start":{"line":5,"column":0},"end":{"line":5,"column":0}},"5":{"start":{"line":6,"column":0},"end":{"line":6,"column":48}},"6":{"start":{"line":7,"column":0},"end":{"line":7,"column":0}},"7":{"start":{"line":8,"column":0},"end":{"line":8,"column":22}},"8":{"start":{"line":9,"column":0},"end":{"line":9,"column":1}}},"s":{"0":1,"1":1,"2":1,"3":2,"4":2,"5":2,"6":2,"7":2,"8":2},"branchMap":{"0":{"type":"branch","line":3,"loc":{"start":{"line":3,"column":16},"end":{"line":3,"column":32}},"locations":[{"start":{"line":3,"column":16},"end":{"line":3,"column":32}}]},"1":{"type":"branch","line":3,"loc":{"start":{"line":3,"column":7},"end":{"line":9,"column":1}},"locations":[{"start":{"line":3,"column":7},"end":{"line":9,"column":1}}]}},"b":{"0":[2],"1":[2]},"fnMap":{"0":{"name":"get","decl":{"start":{"line":3,"column":16},"end":{"line":3,"column":32}},"loc":{"start":{"line":3,"column":16},"end":{"line":3,"column":32}},"line":3},"1":{"name":"encryptPassword","decl":{"start":{"line":3,"column":7},"end":{"line":9,"column":1}},"loc":{"start":{"line":3,"column":7},"end":{"line":9,"column":1}},"line":3}},"f":{"0":2,"1":2}}
,"/home/jean/www/my_blog/backend/src/exceptions/CustomException.ts": {"path":"/home/jean/www/my_blog/backend/src/exceptions/CustomException.ts","all":false,"statementMap":{"0":{"start":{"line":1,"column":0},"end":{"line":1,"column":44}},"1":{"start":{"line":2,"column":0},"end":{"line":2,"column":15}},"2":{"start":{"line":3,"column":0},"end":{"line":3,"column":0}},"3":{"start":{"line":4,"column":0},"end":{"line":4,"column":52}},"4":{"start":{"line":5,"column":0},"end":{"line":5,"column":19}},"5":{"start":{"line":6,"column":0},"end":{"line":6,"column":0}},"6":{"start":{"line":7,"column":0},"end":{"line":7,"column":21}},"7":{"start":{"line":8,"column":0},"end":{"line":8,"column":38}},"8":{"start":{"line":9,"column":0},"end":{"line":9,"column":3}},"9":{"start":{"line":10,"column":0},"end":{"line":10,"column":1}}},"s":{"0":1,"1":1,"2":1,"3":1,"4":3,"5":3,"6":3,"7":3,"8":3,"9":1},"branchMap":{"0":{"type":"branch","line":1,"loc":{"start":{"line":1,"column":13},"end":{"line":1,"column":37}},"locations":[{"start":{"line":1,"column":13},"end":{"line":1,"column":37}}]},"1":{"type":"branch","line":4,"loc":{"start":{"line":4,"column":2},"end":{"line":9,"column":3}},"locations":[{"start":{"line":4,"column":2},"end":{"line":9,"column":3}}]}},"b":{"0":[3],"1":[3]},"fnMap":{"0":{"name":"get","decl":{"start":{"line":1,"column":13},"end":{"line":1,"column":37}},"loc":{"start":{"line":1,"column":13},"end":{"line":1,"column":37}},"line":1},"1":{"name":"CustomException","decl":{"start":{"line":4,"column":2},"end":{"line":9,"column":3}},"loc":{"start":{"line":4,"column":2},"end":{"line":9,"column":3}},"line":4}},"f":{"0":3,"1":3}}
,"/home/jean/www/my_blog/backend/src/inMemory/UserRepoInMemory.ts": {"path":"/home/jean/www/my_blog/backend/src/inMemory/UserRepoInMemory.ts","all":false,"statementMap":{"0":{"start":{"line":1,"column":0},"end":{"line":1,"column":69}},"1":{"start":{"line":2,"column":0},"end":{"line":2,"column":36}},"2":{"start":{"line":3,"column":0},"end":{"line":3,"column":0}},"3":{"start":{"line":4,"column":0},"end":{"line":4,"column":25}},"4":{"start":{"line":5,"column":0},"end":{"line":5,"column":0}},"5":{"start":{"line":6,"column":0},"end":{"line":6,"column":58}},"6":{"start":{"line":7,"column":0},"end":{"line":7,"column":45}},"7":{"start":{"line":8,"column":0},"end":{"line":8,"column":53}},"8":{"start":{"line":9,"column":0},"end":{"line":9,"column":0}},"9":{"start":{"line":10,"column":0},"end":{"line":10,"column":49}},"10":{"start":{"line":11,"column":0},"end":{"line":11,"column":0}},"11":{"start":{"line":12,"column":0},"end":{"line":12,"column":25}},"12":{"start":{"line":13,"column":0},"end":{"line":13,"column":3}},"13":{"start":{"line":14,"column":0},"end":{"line":14,"column":0}},"14":{"start":{"line":15,"column":0},"end":{"line":15,"column":36}},"15":{"start":{"line":16,"column":0},"end":{"line":16,"column":59}},"16":{"start":{"line":17,"column":0},"end":{"line":17,"column":0}},"17":{"start":{"line":18,"column":0},"end":{"line":18,"column":24}},"18":{"start":{"line":19,"column":0},"end":{"line":19,"column":3}},"19":{"start":{"line":20,"column":0},"end":{"line":20,"column":0}},"20":{"start":{"line":21,"column":0},"end":{"line":21,"column":45}},"21":{"start":{"line":22,"column":0},"end":{"line":22,"column":27}},"22":{"start":{"line":23,"column":0},"end":{"line":23,"column":0}},"23":{"start":{"line":24,"column":0},"end":{"line":24,"column":20}},"24":{"start":{"line":25,"column":0},"end":{"line":25,"column":0}},"25":{"start":{"line":26,"column":0},"end":{"line":26,"column":33}},"26":{"start":{"line":27,"column":0},"end":{"line":27,"column":3}},"27":{"start":{"line":28,"column":0},"end":{"line":28,"column":1}}},"s":{"0":1,"1":1,"2":1,"3":1,"4":1,"5":1,"6":1,"7":1,"8":1,"9":1,"10":1,"11":1,"12":1,"13":1,"14":1,"15":3,"16":3,"17":3,"18":3,"19":1,"20":1,"21":2,"22":2,"23":2,"24":2,"25":2,"26":2,"27":1},"branchMap":{"0":{"type":"branch","line":6,"loc":{"start":{"line":6,"column":13},"end":{"line":6,"column":58}},"locations":[{"start":{"line":6,"column":13},"end":{"line":6,"column":58}}]},"1":{"type":"branch","line":7,"loc":{"start":{"line":7,"column":2},"end":{"line":13,"column":3}},"locations":[{"start":{"line":7,"column":2},"end":{"line":13,"column":3}}]},"2":{"type":"branch","line":10,"loc":{"start":{"line":10,"column":15},"end":{"line":10,"column":49}},"locations":[{"start":{"line":10,"column":15},"end":{"line":10,"column":49}}]},"3":{"type":"branch","line":12,"loc":{"start":{"line":12,"column":18},"end":{"line":12,"column":25}},"locations":[{"start":{"line":12,"column":18},"end":{"line":12,"column":25}}]},"4":{"type":"branch","line":8,"loc":{"start":{"line":8,"column":27},"end":{"line":8,"column":53}},"locations":[{"start":{"line":8,"column":27},"end":{"line":8,"column":53}}]},"5":{"type":"branch","line":15,"loc":{"start":{"line":15,"column":2},"end":{"line":19,"column":3}},"locations":[{"start":{"line":15,"column":2},"end":{"line":19,"column":3}}]},"6":{"type":"branch","line":18,"loc":{"start":{"line":18,"column":11},"end":{"line":18,"column":23}},"locations":[{"start":{"line":18,"column":11},"end":{"line":18,"column":23}}]},"7":{"type":"branch","line":16,"loc":{"start":{"line":16,"column":27},"end":{"line":16,"column":59}},"locations":[{"start":{"line":16,"column":27},"end":{"line":16,"column":59}}]},"8":{"type":"branch","line":21,"loc":{"start":{"line":21,"column":2},"end":{"line":27,"column":3}},"locations":[{"start":{"line":21,"column":2},"end":{"line":27,"column":3}}]}},"b":{"0":[2],"1":[1],"2":[0],"3":[0],"4":[1],"5":[3],"6":[2],"7":[1],"8":[2]},"fnMap":{"0":{"name":"get","decl":{"start":{"line":6,"column":13},"end":{"line":6,"column":58}},"loc":{"start":{"line":6,"column":13},"end":{"line":6,"column":58}},"line":6},"1":{"name":"remove","decl":{"start":{"line":7,"column":2},"end":{"line":13,"column":3}},"loc":{"start":{"line":7,"column":2},"end":{"line":13,"column":3}},"line":7},"2":{"name":"findByEmail","decl":{"start":{"line":15,"column":2},"end":{"line":19,"column":3}},"loc":{"start":{"line":15,"column":2},"end":{"line":19,"column":3}},"line":15},"3":{"name":"create","decl":{"start":{"line":21,"column":2},"end":{"line":27,"column":3}},"loc":{"start":{"line":21,"column":2},"end":{"line":27,"column":3}},"line":21}},"f":{"0":2,"1":1,"2":3,"3":2}}
}
