TN:
SF:src/app/user/UserService.ts
FN:12,get
FN:15,create
FN:50,update
FN:56,remove
FN:13,UserService
FNF:5
FNH:5
FNDA:3,get
FNDA:8,create
FNDA:2,update
FNDA:2,remove
FNDA:3,UserService
DA:1,1
DA:2,1
DA:3,1
DA:4,1
DA:5,1
DA:6,1
DA:7,1
DA:8,1
DA:9,1
DA:10,1
DA:11,1
DA:12,1
DA:13,1
DA:14,1
DA:15,1
DA:16,8
DA:17,1
DA:18,1
DA:19,7
DA:20,7
DA:21,7
DA:22,7
DA:23,7
DA:24,7
DA:25,7
DA:26,7
DA:27,7
DA:28,7
DA:29,5
DA:30,8
DA:31,4
DA:32,4
DA:33,4
DA:34,4
DA:35,4
DA:36,4
DA:37,4
DA:38,4
DA:39,4
DA:40,4
DA:41,4
DA:42,4
DA:43,4
DA:44,4
DA:45,4
DA:46,4
DA:47,4
DA:48,4
DA:49,1
DA:50,1
DA:51,2
DA:52,2
DA:53,2
DA:54,1
DA:55,1
DA:56,1
DA:57,2
DA:58,1
DA:59,1
DA:60,1
DA:61,1
LF:61
LH:61
BRDA:12,0,0,3
BRDA:15,1,0,8
BRDA:16,2,0,1
BRDA:19,3,0,7
BRDA:28,4,0,5
BRDA:30,5,0,4
BRDA:30,6,0,1
BRDA:50,7,0,2
BRDA:53,8,0,1
BRDA:56,9,0,2
BRDA:57,10,0,1
BRDA:13,11,0,3
BRF:12
BRH:12
end_of_record
TN:
SF:src/app/utils/utils.ts
FN:3,get
FN:3,encryptPassword
FNF:2
FNH:2
FNDA:4,get
FNDA:4,encryptPassword
DA:1,1
DA:2,1
DA:3,1
DA:4,4
DA:5,4
DA:6,4
DA:7,4
DA:8,4
DA:9,4
LF:9
LH:9
BRDA:3,0,0,4
BRDA:3,1,0,4
BRF:2
BRH:2
end_of_record
TN:
SF:src/exceptions/CustomException.ts
FN:1,get
FN:4,CustomException
FNF:2
FNH:2
FNDA:3,get
FNDA:3,CustomException
DA:1,1
DA:2,1
DA:3,1
DA:4,1
DA:5,3
DA:6,3
DA:7,3
DA:8,3
DA:9,3
DA:10,1
LF:10
LH:10
BRDA:1,0,0,3
BRDA:4,1,0,3
BRF:2
BRH:2
end_of_record
TN:
SF:src/inMemory/UserRepoInMemory.ts
FN:6,get
FN:7,update
FN:15,changePassword
FN:23,remove
FN:31,findByEmail
FN:37,create
FNF:6
FNH:5
FNDA:3,get
FNDA:1,update
FNDA:0,changePassword
FNDA:2,remove
FNDA:5,findByEmail
FNDA:4,create
DA:1,1
DA:2,1
DA:3,1
DA:4,1
DA:5,1
DA:6,1
DA:7,1
DA:8,1
DA:9,1
DA:10,1
DA:11,1
DA:12,1
DA:13,1
DA:14,1
DA:15,1
DA:16,0
DA:17,0
DA:18,0
DA:19,0
DA:20,0
DA:21,0
DA:22,1
DA:23,1
DA:24,2
DA:25,2
DA:26,2
DA:27,1
DA:28,2
DA:29,2
DA:30,1
DA:31,1
DA:32,5
DA:33,5
DA:34,5
DA:35,5
DA:36,1
DA:37,1
DA:38,4
DA:39,4
DA:40,4
DA:41,4
DA:42,4
DA:43,4
DA:44,1
LF:44
LH:38
BRDA:6,0,0,3
BRDA:7,1,0,1
BRDA:8,2,0,1
BRDA:23,3,0,2
BRDA:26,4,0,1
BRDA:28,5,0,0
BRDA:24,6,0,2
BRDA:31,7,0,5
BRDA:34,8,0,4
BRDA:32,9,0,2
BRDA:37,10,0,4
BRF:11
BRH:10
end_of_record
